mode: atomic
github.com/bogatyr285/sumcalc-testtask/internal/services/jwt/jwt.go:29.143,31.16 2 0
github.com/bogatyr285/sumcalc-testtask/internal/services/jwt/jwt.go:31.16,33.3 1 0
github.com/bogatyr285/sumcalc-testtask/internal/services/jwt/jwt.go:34.2,35.16 2 0
github.com/bogatyr285/sumcalc-testtask/internal/services/jwt/jwt.go:35.16,37.3 1 0
github.com/bogatyr285/sumcalc-testtask/internal/services/jwt/jwt.go:39.2,45.8 1 0
github.com/bogatyr285/sumcalc-testtask/internal/services/jwt/jwt.go:48.64,55.16 2 0
github.com/bogatyr285/sumcalc-testtask/internal/services/jwt/jwt.go:55.16,57.3 1 0
github.com/bogatyr285/sumcalc-testtask/internal/services/jwt/jwt.go:58.2,59.16 2 0
github.com/bogatyr285/sumcalc-testtask/internal/services/jwt/jwt.go:59.16,61.3 1 0
github.com/bogatyr285/sumcalc-testtask/internal/services/jwt/jwt.go:62.2,62.28 1 0
github.com/bogatyr285/sumcalc-testtask/internal/services/jwt/jwt.go:65.69,71.16 2 0
github.com/bogatyr285/sumcalc-testtask/internal/services/jwt/jwt.go:71.16,73.3 1 0
github.com/bogatyr285/sumcalc-testtask/internal/services/jwt/jwt.go:74.2,74.15 1 0
github.com/bogatyr285/sumcalc-testtask/internal/services/sum/sum.go:6.40,8.2 1 8
github.com/bogatyr285/sumcalc-testtask/internal/services/sum/sum.go:13.55,18.2 3 8
github.com/bogatyr285/sumcalc-testtask/internal/services/sum/sum.go:20.65,21.28 1 28
github.com/bogatyr285/sumcalc-testtask/internal/services/sum/sum.go:23.15,24.20 1 13
github.com/bogatyr285/sumcalc-testtask/internal/services/sum/sum.go:26.21,27.26 1 7
github.com/bogatyr285/sumcalc-testtask/internal/services/sum/sum.go:27.26,29.4 1 12
github.com/bogatyr285/sumcalc-testtask/internal/services/sum/sum.go:31.30,32.26 1 6
github.com/bogatyr285/sumcalc-testtask/internal/services/sum/sum.go:32.26,34.4 1 8
github.com/bogatyr285/sumcalc-testtask/internal/services/sha256/sha256_hasher.go:11.38,13.2 1 0
github.com/bogatyr285/sumcalc-testtask/internal/services/sha256/sha256_hasher.go:15.37,18.2 2 5
github.com/bogatyr285/sumcalc-testtask/internal/services/sha256/sha256_hasher.go:20.44,23.2 2 0
github.com/bogatyr285/sumcalc-testtask/internal/api/middlewares/auth.go:21.69,23.2 1 0
github.com/bogatyr285/sumcalc-testtask/internal/api/middlewares/auth.go:26.53,27.32 1 2
github.com/bogatyr285/sumcalc-testtask/internal/api/middlewares/auth.go:27.32,30.17 3 2
github.com/bogatyr285/sumcalc-testtask/internal/api/middlewares/auth.go:30.17,33.4 2 1
github.com/bogatyr285/sumcalc-testtask/internal/api/middlewares/auth.go:34.3,34.13 1 1
github.com/bogatyr285/sumcalc-testtask/internal/api/handlers/auth_handlers.go:20.81,25.2 1 4
github.com/bogatyr285/sumcalc-testtask/internal/api/handlers/auth_handlers.go:27.52,29.50 2 4
github.com/bogatyr285/sumcalc-testtask/internal/api/handlers/auth_handlers.go:29.50,32.3 2 0
github.com/bogatyr285/sumcalc-testtask/internal/api/handlers/auth_handlers.go:33.2,33.43 1 4
github.com/bogatyr285/sumcalc-testtask/internal/api/handlers/auth_handlers.go:33.43,36.3 2 2
github.com/bogatyr285/sumcalc-testtask/internal/api/handlers/auth_handlers.go:38.2,39.16 2 2
github.com/bogatyr285/sumcalc-testtask/internal/api/handlers/auth_handlers.go:39.16,44.3 3 1
github.com/bogatyr285/sumcalc-testtask/internal/api/handlers/auth_handlers.go:45.2,46.29 2 1
github.com/bogatyr285/sumcalc-testtask/internal/api/handlers/models.go:18.40,20.2 1 4
github.com/bogatyr285/sumcalc-testtask/internal/api/handlers/sum_handler.go:28.96,34.2 1 2
github.com/bogatyr285/sumcalc-testtask/internal/api/handlers/sum_handler.go:36.49,39.67 2 2
github.com/bogatyr285/sumcalc-testtask/internal/api/handlers/sum_handler.go:39.67,42.3 2 1
github.com/bogatyr285/sumcalc-testtask/internal/api/handlers/sum_handler.go:44.2,49.4 3 1
